<?xml version="1.0" encoding="UTF-8"?>
<testng-results ignored="0" total="1" passed="1" failed="0" skipped="0">
  <reporter-output>
  </reporter-output>
  <suite started-at="2023-08-24T10:33:04 IST" name="Default suite" finished-at="2023-08-24T10:33:07 IST" duration-ms="3482">
    <groups>
    </groups>
    <test started-at="2023-08-24T10:33:04 IST" name="Default test" finished-at="2023-08-24T10:33:07 IST" duration-ms="3482">
      <class name="com.resttassured.Cookies">
        <test-method signature="getsingleCookies()[pri:0, instance:com.resttassured.Cookies@194bcebf]" started-at="2023-08-24T10:33:04 IST" name="getsingleCookies" finished-at="2023-08-24T10:33:07 IST" duration-ms="3450" status="PASS">
          <reporter-output>
          </reporter-output>
        </test-method> <!-- getsingleCookies -->
      </class> <!-- com.resttassured.Cookies -->
    </test> <!-- Default test -->
  </suite> <!-- Default suite -->
</testng-results>
